0 info it worked if it ends with ok
1 verbose cli [ '/usr/local/bin/node', '/usr/local/bin/npm', 'publish' ]
2 info using npm@3.6.0
3 info using node@v5.7.0
4 verbose publish [ '.' ]
5 silly cache add args [ '.', null ]
6 verbose cache add spec .
7 silly cache add parsed spec Result {
7 silly cache add   raw: '.',
7 silly cache add   scope: null,
7 silly cache add   name: null,
7 silly cache add   rawSpec: '.',
7 silly cache add   spec: '/Users/rpmonteiro/Documents/CodeClan/week6/tuesday/myricbot',
7 silly cache add   type: 'directory' }
8 verbose addLocalDirectory /Users/rpmonteiro/.npm/myricbot/1.0.0/package.tgz not in flight; packing
9 verbose correctMkdir /Users/rpmonteiro/.npm correctMkdir not in flight; initializing
10 info lifecycle myricbot@1.0.0~prepublish: myricbot@1.0.0
11 silly lifecycle myricbot@1.0.0~prepublish: no script for prepublish, continuing
12 verbose tar pack [ '/Users/rpmonteiro/.npm/myricbot/1.0.0/package.tgz',
12 verbose tar pack   '/Users/rpmonteiro/Documents/CodeClan/week6/tuesday/myricbot' ]
13 verbose tarball /Users/rpmonteiro/.npm/myricbot/1.0.0/package.tgz
14 verbose folder /Users/rpmonteiro/Documents/CodeClan/week6/tuesday/myricbot
15 verbose addLocalTarball adding from inside cache /Users/rpmonteiro/.npm/myricbot/1.0.0/package.tgz
16 verbose correctMkdir /Users/rpmonteiro/.npm correctMkdir not in flight; initializing
17 silly cache afterAdd myricbot@1.0.0
18 verbose afterAdd /Users/rpmonteiro/.npm/myricbot/1.0.0/package/package.json not in flight; writing
19 verbose correctMkdir /Users/rpmonteiro/.npm correctMkdir not in flight; initializing
20 verbose afterAdd /Users/rpmonteiro/.npm/myricbot/1.0.0/package/package.json written
21 silly publish { name: 'myricbot',
21 silly publish   version: '1.0.0',
21 silly publish   description: 'Friendly Robot',
21 silly publish   main: 'robot.js',
21 silly publish   scripts: { test: 'mocha robot_spec.js' },
21 silly publish   author: { name: 'rpmonteiro' },
21 silly publish   license: 'ISC',
21 silly publish   dependencies: { lodash: '^4.6.1' },
21 silly publish   devDependencies: { mocha: '^2.4.5' },
21 silly publish   readme: 'My Robot friend',
21 silly publish   readmeFilename: 'README.md',
21 silly publish   _id: 'myricbot@1.0.0',
21 silly publish   _shasum: '515e5b9b85f5d5b9a5c8c4994a602cdd301468ba',
21 silly publish   _from: '.' }
22 verbose getPublishConfig undefined
23 silly mapToRegistry name myricbot
24 silly mapToRegistry using default registry
25 silly mapToRegistry registry https://registry.npmjs.org/
26 silly mapToRegistry uri https://registry.npmjs.org/myricbot
27 verbose publish registryBase https://registry.npmjs.org/
28 silly publish uploading /Users/rpmonteiro/.npm/myricbot/1.0.0/package.tgz
29 verbose stack Error: auth required for publishing
29 verbose stack     at CachingRegistryClient.publish (/usr/local/lib/node_modules/npm/node_modules/npm-registry-client/lib/publish.js:30:14)
29 verbose stack     at /usr/local/lib/node_modules/npm/lib/publish.js:137:14
29 verbose stack     at mapToRegistry (/usr/local/lib/node_modules/npm/lib/utils/map-to-registry.js:55:3)
29 verbose stack     at publish_ (/usr/local/lib/node_modules/npm/lib/publish.js:106:3)
29 verbose stack     at Array.<anonymous> (/usr/local/lib/node_modules/npm/node_modules/slide/lib/bind-actor.js:15:8)
29 verbose stack     at LOOP (/usr/local/lib/node_modules/npm/node_modules/slide/lib/chain.js:15:14)
29 verbose stack     at LOOP (/usr/local/lib/node_modules/npm/node_modules/slide/lib/chain.js:14:28)
29 verbose stack     at chain (/usr/local/lib/node_modules/npm/node_modules/slide/lib/chain.js:20:5)
29 verbose stack     at /usr/local/lib/node_modules/npm/lib/publish.js:72:5
29 verbose stack     at RES (/usr/local/lib/node_modules/npm/node_modules/inflight/inflight.js:23:14)
30 verbose cwd /Users/rpmonteiro/Documents/CodeClan/week6/tuesday/myricbot
31 error Darwin 15.3.0
32 error argv "/usr/local/bin/node" "/usr/local/bin/npm" "publish"
33 error node v5.7.0
34 error npm  v3.6.0
35 error code ENEEDAUTH
36 error need auth auth required for publishing
37 error need auth You need to authorize this machine using `npm adduser`
38 verbose exit [ 1, true ]
